1: package thinkinginjavach18;
2: 
3: import java.io.BufferedReader;
4: import java.io.BufferedWriter;
5: import java.io.FileWriter;
6: import java.io.IOException;
7: import java.io.PrintWriter;
8: import java.io.StringReader;
9: 
10: public class BasicFileOutput {
11:     static String file = "BasicFileOutput.out";
12:     public static void main(String[] args) throws IOException {
13:         BufferedReader in = new BufferedReader(
14:             new StringReader(
15:                 BufferedInputFile.read("src//thinkinginjavach18//BasicFileOutput.java")));
16:         PrintWriter out = new PrintWriter(
17:             new BufferedWriter(new FileWriter(file)));
18:         int lineCount = 1;
19:         String s;
20:         while ((s = in.readLine()) != null) {
21:             out.println(lineCount++ + ": " + s);
22:         }
23:         out.close();
24:         // Вывод сохраненного файла
25:         System.out.println(BufferedInputFile.read(file));
26:     }
27: }
